Build started 12.11.2015 0:29:50.
     1>Project "C:\Учеба\ФИТ\2 курс\ООП\Лабараторная работа №7 ( шаблон класса)\Лабараторная работа №7 ( шаблон класса)\Лабараторная работа №7 ( шаблон класса).vcxproj" on node 2 (Build target(s)).
     1>ClCompile:
         C:\Program Files (x86)\Microsoft Visual Studio 12.0\VC\bin\CL.exe /c /ZI /nologo /W3 /WX- /sdl /Od /Oy- /D WIN32 /D _DEBUG /D _CONSOLE /D _LIB /D _UNICODE /D UNICODE /Gm /EHsc /RTC1 /MDd /GS /fp:precise /Zc:wchar_t /Zc:forScope /Yu"stdafx.h" /Fp"Debug\Лабараторная работа №7 ( шаблон класса).pch" /Fo"Debug\\" /Fd"Debug\vc120.pdb" /Gd /TP /analyze- /errorReport:prompt "Лабараторная работа №7 ( шаблон класса).cpp"
         Лабараторная работа №7 ( шаблон класса).cpp
     1>c:\учеба\фит\2 курс\ооп\лабараторная работа №7 ( шаблон класса)\лабараторная работа №7 ( шаблон класса)\лабараторная работа №7 ( шаблон класса).cpp(11): warning C4244: 'argument' : conversion from 'time_t' to 'unsigned int', possible loss of data
     1>c:\учеба\фит\2 курс\ооп\лабараторная работа №7 ( шаблон класса)\лабараторная работа №7 ( шаблон класса)\матрица.h(47): warning C4244: '=' : conversion from 'double' to 'int', possible loss of data
                 c:\учеба\фит\2 курс\ооп\лабараторная работа №7 ( шаблон класса)\лабараторная работа №7 ( шаблон класса)\матрица.h(43) : while compiling class template member function 'void Matrix<kamen,int>::rand_new_obj(void)'
                 c:\учеба\фит\2 курс\ооп\лабараторная работа №7 ( шаблон класса)\лабараторная работа №7 ( шаблон класса)\лабараторная работа №7 ( шаблон класса).cpp(30) : see reference to function template instantiation 'void Matrix<kamen,int>::rand_new_obj(void)' being compiled
                 c:\учеба\фит\2 курс\ооп\лабараторная работа №7 ( шаблон класса)\лабараторная работа №7 ( шаблон класса)\лабараторная работа №7 ( шаблон класса).cpp(15) : see reference to class template instantiation 'Matrix<kamen,int>' being compiled
     1>c:\учеба\фит\2 курс\ооп\лабараторная работа №7 ( шаблон класса)\лабараторная работа №7 ( шаблон класса)\матрица.h(37): warning C4244: '=' : conversion from 'double' to 'int', possible loss of data
                 c:\учеба\фит\2 курс\ооп\лабараторная работа №7 ( шаблон класса)\лабараторная работа №7 ( шаблон класса)\матрица.h(33) : while compiling class template member function 'void Matrix<double,int>::rand_new(void)'
                 c:\учеба\фит\2 курс\ооп\лабараторная работа №7 ( шаблон класса)\лабараторная работа №7 ( шаблон класса)\лабараторная работа №7 ( шаблон класса).cpp(65) : see reference to function template instantiation 'void Matrix<double,int>::rand_new(void)' being compiled
                 c:\учеба\фит\2 курс\ооп\лабараторная работа №7 ( шаблон класса)\лабараторная работа №7 ( шаблон класса)\лабараторная работа №7 ( шаблон класса).cpp(17) : see reference to class template instantiation 'Matrix<double,int>' being compiled
     1>c:\учеба\фит\2 курс\ооп\лабараторная работа №7 ( шаблон класса)\лабараторная работа №7 ( шаблон класса)\матрица.h(152): warning C4244: '=' : conversion from 'double' to 'int', possible loss of data
                 c:\учеба\фит\2 курс\ооп\лабараторная работа №7 ( шаблон класса)\лабараторная работа №7 ( шаблон класса)\матрица.h(145) : while compiling class template member function 'Matrix<double,int> operator +(Matrix<double,int> &,Matrix<double,int> &)'
     1>c:\учеба\фит\2 курс\ооп\лабараторная работа №7 ( шаблон класса)\лабараторная работа №7 ( шаблон класса)\матрица.h(163): warning C4244: '=' : conversion from 'double' to 'int', possible loss of data
                 c:\учеба\фит\2 курс\ооп\лабараторная работа №7 ( шаблон класса)\лабараторная работа №7 ( шаблон класса)\матрица.h(157) : while compiling class template member function 'int Matrix<double,int>::operator -(Matrix<double,int> &)'
                 c:\учеба\фит\2 курс\ооп\лабараторная работа №7 ( шаблон класса)\лабараторная работа №7 ( шаблон класса)\лабараторная работа №7 ( шаблон класса).cpp(94) : see reference to function template instantiation 'int Matrix<double,int>::operator -(Matrix<double,int> &)' being compiled
     1>c:\учеба\фит\2 курс\ооп\лабараторная работа №7 ( шаблон класса)\лабараторная работа №7 ( шаблон класса)\матрица.h(165): warning C4244: 'return' : conversion from 'double' to 'int', possible loss of data
       Link:
         C:\Program Files (x86)\Microsoft Visual Studio 12.0\VC\bin\link.exe /ERRORREPORT:PROMPT /OUT:"C:\Учеба\ФИТ\2 курс\ООП\Лабараторная работа №7 ( шаблон класса)\Debug\Лабараторная работа №7 ( шаблон класса).exe" /INCREMENTAL /NOLOGO kernel32.lib user32.lib gdi32.lib winspool.lib comdlg32.lib advapi32.lib shell32.lib ole32.lib oleaut32.lib uuid.lib odbc32.lib odbccp32.lib /MANIFEST /MANIFESTUAC:"level='asInvoker' uiAccess='false'" /manifest:embed /DEBUG /PDB:"C:\Учеба\ФИТ\2 курс\ООП\Лабараторная работа №7 ( шаблон класса)\Debug\Лабараторная работа №7 ( шаблон класса).pdb" /SUBSYSTEM:CONSOLE /TLBID:1 /DYNAMICBASE /NXCOMPAT /IMPLIB:"C:\Учеба\ФИТ\2 курс\ООП\Лабараторная работа №7 ( шаблон класса)\Debug\Лабараторная работа №7 ( шаблон класса).lib" /MACHINE:X86 Debug\stdafx.obj
         "Debug\Лабараторная работа №7 ( шаблон класса).obj"
         Лабараторная работа №7 ( шаблон класса).vcxproj -> C:\Учеба\ФИТ\2 курс\ООП\Лабараторная работа №7 ( шаблон класса)\Debug\Лабараторная работа №7 ( шаблон класса).exe
     1>Done Building Project "C:\Учеба\ФИТ\2 курс\ООП\Лабараторная работа №7 ( шаблон класса)\Лабараторная работа №7 ( шаблон класса)\Лабараторная работа №7 ( шаблон класса).vcxproj" (Build target(s)).

Build succeeded.

Time Elapsed 00:00:01.01
